-------------------------------------------------------------------------------
Test set: br.com.restassuredapitesting.runners.Acceptance
-------------------------------------------------------------------------------
Tests run: 10, Failures: 1, Errors: 0, Skipped: 0, Time elapsed: 22.701 s <<< FAILURE! - in br.com.restassuredapitesting.runners.Acceptance
filtrarReservaPorCheckInAndCheckOut(br.com.restassuredapitesting.tests.booking.tests.GetBookingTest)  Time elapsed: 1.073 s  <<< FAILURE!
java.lang.AssertionError: 
1 expectation failed.
JSON path size() doesn't match.
Expected: a value greater than <0>
  Actual: 0

	at br.com.restassuredapitesting.tests.booking.tests.GetBookingTest.filtrarReservaPorCheckInAndCheckOut(GetBookingTest.java:156)

