<?xml version="1.0" encoding="UTF-8"?>
<testsuite xmlns:xsi="http://www.w3.org/2001/XMLSchema-instance" xsi:noNamespaceSchemaLocation="https://maven.apache.org/surefire/maven-surefire-plugin/xsd/surefire-test-report.xsd" name="br.com.restassuredapitesting.runners.Acceptance" time="22.701" tests="10" errors="0" skipped="0" failures="1">
  <properties>
[...]
</properties>
  <testcase name="filtrarReservaPorNameCheckinAndCheckout" classname="br.com.restassuredapitesting.tests.booking.tests.GetBookingTest" time="7.228"/>
  <testcase name="filtrarReservaPorCheckInAndCheckOut" classname="br.com.restassuredapitesting.tests.booking.tests.GetBookingTest" time="1.073">
    <failure message="1 expectation failed.&#10;JSON path size() doesn&apos;t match.&#10;Expected: a value greater than &lt;0&gt;&#10;  Actual: 0&#10;" type="java.lang.AssertionError"><![CDATA[java.lang.AssertionError: 
1 expectation failed.
JSON path size() doesn't match.
Expected: a value greater than <0>
  Actual: 0

	at br.com.restassuredapitesting.tests.booking.tests.GetBookingTest.filtrarReservaPorCheckInAndCheckOut(GetBookingTest.java:156)
]]></failure>
    <system-out><![CDATA[HTTP/1.1 200 OK
Server: Cowboy
Connection: keep-alive
X-Powered-By: Express
Content-Type: application/json; charset=utf-8
Content-Length: 2
Etag: W/"2-l9Fw4VUO7kr8CvBlt4zaMCqXZ0w"
Date: Sat, 03 Apr 2021 22:27:58 GMT
Via: 1.1 vegur

[
    
]
]]></system-out>
  </testcase>
  <testcase name="filtrarReservaPorSobrenome" classname="br.com.restassuredapitesting.tests.booking.tests.GetBookingTest" time="1.079"/>
  <testcase name="filtrarReservaPorPrimeiroNome" classname="br.com.restassuredapitesting.tests.booking.tests.GetBookingTest" time="1.101"/>
  <testcase name="filtrarReservaPorCheckIn" classname="br.com.restassuredapitesting.tests.booking.tests.GetBookingTest" time="0.912"/>
  <testcase name="listarIdsDasReservas" classname="br.com.restassuredapitesting.tests.booking.tests.GetBookingTest" time="1.12"/>
  <testcase name="filtrarReservaPorCheckOut" classname="br.com.restassuredapitesting.tests.booking.tests.GetBookingTest" time="0.903"/>
  <testcase name="validarAlterarUmaReservaUtilizandoToken" classname="br.com.restassuredapitesting.tests.booking.tests.PutBookingTest" time="2.983"/>
  <testcase name="excluirReserva" classname="br.com.restassuredapitesting.tests.booking.tests.DeleteBookingTest" time="2.643"/>
  <testcase name="criarReservaValida" classname="br.com.restassuredapitesting.tests.booking.tests.PostBookingTest" time="0.882"/>
</testsuite>